<?xml version="1.0" encoding="UTF-8"?><testsuite errors="2" failures="0" name="examProject.features.search.BooksExpressStory" skipped="0" tests="5" time="62.0" timestamp="2021-02-07 10:45:47"><testcase classname="examProject.features.search.BooksExpressStory" name="Login user with invalid password"/><testcase classname="examProject.features.search.BooksExpressStory" name="Logout"><error message="Timed out after 2 seconds. Element not available&#10;Build info: version: '3.141.59', revision: 'e82be7d358', time: '2018-11-14T08:17:03'&#10;System info: host: 'OANA-PC', ip: '192.168.56.1', os.name: 'Windows 10', os.arch: 'amd64', os.version: '10.0', java.version: '15'&#10;Driver info: driver.version: unknown" type="org.openqa.selenium.ElementNotVisibleException">Timed out after 2 seconds. Element not available
Build info: version: '3.141.59', revision: 'e82be7d358', time: '2018-11-14T08:17:03'
System info: host: 'OANA-PC', ip: '192.168.56.1', os.name: 'Windows 10', os.arch: 'amd64', os.version: '10.0', java.version: '15'
Driver info: driver.version: unknown</error><system-err>Timed out after 2 seconds. Element not available
Build info: version: '3.141.59', revision: 'e82be7d358', time: '2018-11-14T08:17:03'
System info: host: 'OANA-PC', ip: '192.168.56.1', os.name: 'Windows 10', os.arch: 'amd64', os.version: '10.0', java.version: '15'
Driver info: driver.version: unknown&#13;
examProject.pages.HeaderAllPages.click_logout(HeaderAllPages.java:69)&#13;
examProject.steps.serenity.EndUserSteps.verify_logout(EndUserSteps.java:53)&#13;
examProject.features.search.BooksExpressStory.logout(BooksExpressStory.java:43)&#13;
</system-err></testcase><testcase classname="examProject.features.search.BooksExpressStory" name="Add book to wishlist"/><testcase classname="examProject.features.search.BooksExpressStory" name="Add book to cart"/><testcase classname="examProject.features.search.BooksExpressStory" name="Login user with valid credentials"><error message="Timed out after 2 seconds. Element not available&#10;Build info: version: '3.141.59', revision: 'e82be7d358', time: '2018-11-14T08:17:03'&#10;System info: host: 'OANA-PC', ip: '192.168.56.1', os.name: 'Windows 10', os.arch: 'amd64', os.version: '10.0', java.version: '15'&#10;Driver info: driver.version: unknown" type="org.openqa.selenium.ElementNotVisibleException">Timed out after 2 seconds. Element not available
Build info: version: '3.141.59', revision: 'e82be7d358', time: '2018-11-14T08:17:03'
System info: host: 'OANA-PC', ip: '192.168.56.1', os.name: 'Windows 10', os.arch: 'amd64', os.version: '10.0', java.version: '15'
Driver info: driver.version: unknown</error><system-err>Timed out after 2 seconds. Element not available
Build info: version: '3.141.59', revision: 'e82be7d358', time: '2018-11-14T08:17:03'
System info: host: 'OANA-PC', ip: '192.168.56.1', os.name: 'Windows 10', os.arch: 'amd64', os.version: '10.0', java.version: '15'
Driver info: driver.version: unknown&#13;
examProject.pages.HeaderAllPages.verify_logout_button_for_login(HeaderAllPages.java:79)&#13;
examProject.steps.serenity.EndUserSteps.verify_valid_credentials_login(EndUserSteps.java:44)&#13;
examProject.features.search.BooksExpressStory.login_user_with_valid_credentials(BooksExpressStory.java:35)&#13;
</system-err></testcase></testsuite>